<?xml version="1.0" encoding="UTF-8"?>
<testng-results ignored="0" total="5" passed="4" failed="1" skipped="0">
  <reporter-output>
    <line>
      <![CDATA[no such element: Unable to locate element: {"method":"xpath","selector":"//div[@data-component-type='s-search-result'][1]//span[contains(text(),'Apple iPhone')]"}
  (Session info: chrome=115.0.5790.111)
For documentation on this error, please visit: https://www.selenium.dev/documentation/webdriver/troubleshooting/errors#no-such-element-exception
Build info: version: '4.10.0', revision: 'c14d967899'
System info: os.name: 'Windows 11', os.arch: 'amd64', os.version: '10.0', java.version: '20.0.2'
Driver info: org.openqa.selenium.chrome.ChromeDriver
Command: [22c0d847e34ac261a78b92d537e5961d, findElement {using=xpath, value=//div[@data-component-type='s-search-result'][1]//span[contains(text(),'Apple iPhone')]}]
Capabilities {acceptInsecureCerts: false, browserName: chrome, browserVersion: 115.0.5790.111, chrome: {chromedriverVersion: 114.0.5735.16 (7e1ff058633f..., userDataDir: C:\Users\REVATH~1.000\AppDa...}, goog:chromeOptions: {debuggerAddress: localhost:49258}, networkConnectionEnabled: false, pageLoadStrategy: normal, platformName: windows, proxy: Proxy(), se:cdp: ws://localhost:49258/devtoo..., se:cdpVersion: 115.0.5790.111, setWindowRect: true, strictFileInteractability: false, timeouts: {implicit: 0, pageLoad: 300000, script: 30000}, unhandledPromptBehavior: dismiss and notify, webauthn:extension:credBlob: true, webauthn:extension:largeBlob: true, webauthn:extension:minPinLength: true, webauthn:extension:prf: true, webauthn:virtualAuthenticators: true}
Session ID: 22c0d847e34ac261a78b92d537e5961d]]>
    </line>
  </reporter-output>
  <suite started-at="2023-08-04T13:06:33 IST" name="Testing UI and API" finished-at="2023-08-04T13:07:11 IST" duration-ms="38492">
    <groups>
    </groups>
    <test started-at="2023-08-04T13:06:33 IST" name="Test" finished-at="2023-08-04T13:07:11 IST" duration-ms="38492">
      <class name="com.apiautomation.testcases.Api_Methods_Test">
        <test-method signature="delete_ApiUsers()[pri:0, instance:com.apiautomation.testcases.Api_Methods_Test@1573f9fc]" started-at="2023-08-04T13:06:33 IST" name="delete_ApiUsers" finished-at="2023-08-04T13:06:37 IST" duration-ms="3762" status="PASS">
          <reporter-output>
          </reporter-output>
        </test-method> <!-- delete_ApiUsers -->
        <test-method signature="put_ApiUsers()[pri:0, instance:com.apiautomation.testcases.Api_Methods_Test@1573f9fc]" started-at="2023-08-04T13:06:37 IST" name="put_ApiUsers" finished-at="2023-08-04T13:06:38 IST" duration-ms="1733" status="PASS">
          <reporter-output>
          </reporter-output>
        </test-method> <!-- put_ApiUsers -->
        <test-method signature="test_GetUserDetails()[pri:0, instance:com.apiautomation.testcases.Api_Methods_Test@1573f9fc]" started-at="2023-08-04T13:06:38 IST" name="test_GetUserDetails" finished-at="2023-08-04T13:06:39 IST" duration-ms="244" status="PASS">
          <reporter-output>
          </reporter-output>
        </test-method> <!-- test_GetUserDetails -->
        <test-method signature="test_POSTUserDetails()[pri:0, instance:com.apiautomation.testcases.Api_Methods_Test@1573f9fc]" started-at="2023-08-04T13:06:39 IST" name="test_POSTUserDetails" finished-at="2023-08-04T13:06:39 IST" duration-ms="643" status="PASS">
          <reporter-output>
          </reporter-output>
        </test-method> <!-- test_POSTUserDetails -->
      </class> <!-- com.apiautomation.testcases.Api_Methods_Test -->
      <class name="com.testcases.uiautomation.SearchTest">
        <test-method is-config="true" signature="setup()[pri:0, instance:com.testcases.uiautomation.SearchTest@1c1bbc4e]" started-at="2023-08-04T13:06:39 IST" name="setup" finished-at="2023-08-04T13:06:50 IST" duration-ms="11040" status="PASS">
          <reporter-output>
          </reporter-output>
        </test-method> <!-- setup -->
        <test-method signature="SearchTest()[pri:0, instance:com.testcases.uiautomation.SearchTest@1c1bbc4e]" started-at="2023-08-04T13:06:50 IST" name="SearchTest" finished-at="2023-08-04T13:07:10 IST" duration-ms="19880" status="FAIL">
          <exception class="java.lang.AssertionError">
            <message>
              <![CDATA[null]]>
            </message>
            <full-stacktrace>
              <![CDATA[java.lang.AssertionError: null
at org.testng.Assert.fail(Assert.java:111)
at org.testng.Assert.fail(Assert.java:116)
at com.pageobjects.uiautomation.SearchPage.searchItem(SearchPage.java:38)
at com.testcases.uiautomation.SearchTest.SearchTest(SearchTest.java:12)
at java.base/jdk.internal.reflect.DirectMethodHandleAccessor.invoke(DirectMethodHandleAccessor.java:104)
at java.base/java.lang.reflect.Method.invoke(Method.java:578)
at org.testng.internal.invokers.MethodInvocationHelper.invokeMethod(MethodInvocationHelper.java:139)
at org.testng.internal.invokers.TestInvoker.invokeMethod(TestInvoker.java:664)
at org.testng.internal.invokers.TestInvoker.invokeTestMethod(TestInvoker.java:227)
at org.testng.internal.invokers.MethodRunner.runInSequence(MethodRunner.java:50)
at org.testng.internal.invokers.TestInvoker$MethodInvocationAgent.invoke(TestInvoker.java:957)
at org.testng.internal.invokers.TestInvoker.invokeTestMethods(TestInvoker.java:200)
at org.testng.internal.invokers.TestMethodWorker.invokeTestMethods(TestMethodWorker.java:148)
at org.testng.internal.invokers.TestMethodWorker.run(TestMethodWorker.java:128)
at java.base/java.util.ArrayList.forEach(ArrayList.java:1511)
at org.testng.TestRunner.privateRun(TestRunner.java:848)
at org.testng.TestRunner.run(TestRunner.java:621)
at org.testng.SuiteRunner.runTest(SuiteRunner.java:443)
at org.testng.SuiteRunner.runSequentially(SuiteRunner.java:437)
at org.testng.SuiteRunner.privateRun(SuiteRunner.java:397)
at org.testng.SuiteRunner.run(SuiteRunner.java:336)
at org.testng.SuiteRunnerWorker.runSuite(SuiteRunnerWorker.java:52)
at org.testng.SuiteRunnerWorker.run(SuiteRunnerWorker.java:95)
at org.testng.TestNG.runSuitesSequentially(TestNG.java:1280)
at org.testng.TestNG.runSuitesLocally(TestNG.java:1200)
at org.testng.TestNG.runSuites(TestNG.java:1114)
at org.testng.TestNG.run(TestNG.java:1082)
at org.testng.remote.AbstractRemoteTestNG.run(AbstractRemoteTestNG.java:115)
at org.testng.remote.RemoteTestNG.initAndRun(RemoteTestNG.java:251)
at org.testng.remote.RemoteTestNG.main(RemoteTestNG.java:77)
]]>
            </full-stacktrace>
          </exception> <!-- java.lang.AssertionError -->
          <reporter-output>
            <line>
              <![CDATA[no such element: Unable to locate element: {"method":"xpath","selector":"//div[@data-component-type='s-search-result'][1]//span[contains(text(),'Apple iPhone')]"}
  (Session info: chrome=115.0.5790.111)
For documentation on this error, please visit: https://www.selenium.dev/documentation/webdriver/troubleshooting/errors#no-such-element-exception
Build info: version: '4.10.0', revision: 'c14d967899'
System info: os.name: 'Windows 11', os.arch: 'amd64', os.version: '10.0', java.version: '20.0.2'
Driver info: org.openqa.selenium.chrome.ChromeDriver
Command: [22c0d847e34ac261a78b92d537e5961d, findElement {using=xpath, value=//div[@data-component-type='s-search-result'][1]//span[contains(text(),'Apple iPhone')]}]
Capabilities {acceptInsecureCerts: false, browserName: chrome, browserVersion: 115.0.5790.111, chrome: {chromedriverVersion: 114.0.5735.16 (7e1ff058633f..., userDataDir: C:\Users\REVATH~1.000\AppDa...}, goog:chromeOptions: {debuggerAddress: localhost:49258}, networkConnectionEnabled: false, pageLoadStrategy: normal, platformName: windows, proxy: Proxy(), se:cdp: ws://localhost:49258/devtoo..., se:cdpVersion: 115.0.5790.111, setWindowRect: true, strictFileInteractability: false, timeouts: {implicit: 0, pageLoad: 300000, script: 30000}, unhandledPromptBehavior: dismiss and notify, webauthn:extension:credBlob: true, webauthn:extension:largeBlob: true, webauthn:extension:minPinLength: true, webauthn:extension:prf: true, webauthn:virtualAuthenticators: true}
Session ID: 22c0d847e34ac261a78b92d537e5961d]]>
            </line>
          </reporter-output>
        </test-method> <!-- SearchTest -->
        <test-method is-config="true" signature="tearDown()[pri:0, instance:com.testcases.uiautomation.SearchTest@1c1bbc4e]" started-at="2023-08-04T13:07:10 IST" name="tearDown" finished-at="2023-08-04T13:07:11 IST" duration-ms="1078" status="PASS">
          <reporter-output>
          </reporter-output>
        </test-method> <!-- tearDown -->
      </class> <!-- com.testcases.uiautomation.SearchTest -->
    </test> <!-- Test -->
  </suite> <!-- Testing UI and API -->
</testng-results>
