<?xml version="1.0" encoding="UTF-8"?>
<!-- Generated by org.testng.reporters.JUnitXMLReporter -->
<testsuite ignored="0" hostname="CDC2-L-128FVYC" failures="1" tests="5" name="Test" time="38.492" errors="0" timestamp="2023-08-04T13:07:11 IST">
  <testcase classname="com.apiautomation.testcases.Api_Methods_Test" name="delete_ApiUsers" time="3.762"/>
  <testcase classname="com.apiautomation.testcases.Api_Methods_Test" name="put_ApiUsers" time="1.733"/>
  <testcase classname="com.apiautomation.testcases.Api_Methods_Test" name="test_GetUserDetails" time="0.244"/>
  <testcase classname="com.apiautomation.testcases.Api_Methods_Test" name="test_POSTUserDetails" time="0.643"/>
  <testcase classname="com.testcases.uiautomation.SearchTest" name="SearchTest" time="19.88">
    <failure type="java.lang.AssertionError" message="null">
      <![CDATA[java.lang.AssertionError: null
at com.pageobjects.uiautomation.SearchPage.searchItem(SearchPage.java:38)
at com.testcases.uiautomation.SearchTest.SearchTest(SearchTest.java:12)
at java.base/java.util.ArrayList.forEach(ArrayList.java:1511)
... Removed 27 stack frames]]>
    </failure>
  </testcase> <!-- SearchTest -->
</testsuite> <!-- Test -->
